[22-Feb-2025 18:41:34 Europe/Berlin] PHP Warning:  Undefined array key "field51" in C:\xampp\htdocs\HR-System\functions\Users\Update.php on line 106
[22-Feb-2025 18:41:34 Europe/Berlin] PHP Warning:  Undefined array key "field52" in C:\xampp\htdocs\HR-System\functions\Users\Update.php on line 107
[22-Feb-2025 18:41:34 Europe/Berlin] PHP Warning:  Undefined array key "agm" in C:\xampp\htdocs\HR-System\functions\Users\Update.php on line 109
[22-Feb-2025 18:41:34 Europe/Berlin] PHP Fatal error:  Uncaught PDOException: SQLSTATE[42S22]: Column not found: 1054 Unknown column 'child_name_1' in 'field list' in C:\xampp\htdocs\HR-System\functions\Users\Update.php:236
Stack trace:
#0 C:\xampp\htdocs\HR-System\functions\Users\Update.php(236): PDOStatement->execute()
#1 C:\xampp\htdocs\HR-System\view\global.php(35): include('C:\\xampp\\htdocs...')
#2 C:\xampp\htdocs\HR-System\index.php(3): include('C:\\xampp\\htdocs...')
#3 {main}
  thrown in C:\xampp\htdocs\HR-System\functions\Users\Update.php on line 236
[22-Feb-2025 18:41:58 Europe/Berlin] PHP Warning:  Undefined array key "field51" in C:\xampp\htdocs\HR-System\functions\Users\Update.php on line 106
[22-Feb-2025 18:41:58 Europe/Berlin] PHP Warning:  Undefined array key "field52" in C:\xampp\htdocs\HR-System\functions\Users\Update.php on line 107
[22-Feb-2025 18:41:58 Europe/Berlin] PHP Warning:  Undefined array key "agm" in C:\xampp\htdocs\HR-System\functions\Users\Update.php on line 109
[22-Feb-2025 18:41:58 Europe/Berlin] PHP Fatal error:  Uncaught PDOException: SQLSTATE[42S22]: Column not found: 1054 Unknown column 'child_name_1' in 'field list' in C:\xampp\htdocs\HR-System\functions\Users\Update.php:236
Stack trace:
#0 C:\xampp\htdocs\HR-System\functions\Users\Update.php(236): PDOStatement->execute()
#1 C:\xampp\htdocs\HR-System\view\global.php(35): include('C:\\xampp\\htdocs...')
#2 C:\xampp\htdocs\HR-System\index.php(3): include('C:\\xampp\\htdocs...')
#3 {main}
  thrown in C:\xampp\htdocs\HR-System\functions\Users\Update.php on line 236
[22-Feb-2025 18:43:41 Europe/Berlin] PHP Fatal error:  Uncaught PDOException: SQLSTATE[42S22]: Column not found: 1054 Unknown column 'child_name_1' in 'field list' in C:\xampp\htdocs\HR-System\functions\Users\Update.php:130
Stack trace:
#0 C:\xampp\htdocs\HR-System\functions\Users\Update.php(130): PDOStatement->execute()
#1 C:\xampp\htdocs\HR-System\view\global.php(35): include('C:\\xampp\\htdocs...')
#2 C:\xampp\htdocs\HR-System\index.php(3): include('C:\\xampp\\htdocs...')
#3 {main}
  thrown in C:\xampp\htdocs\HR-System\functions\Users\Update.php on line 130
